{"uuid":"d0c9b448-d336-4e99-8907-aff64554c558","historyId":"b6cdd89ab5d5352bfbfd6e71b53da24e","testCaseId":"f5c62e911b5d1e4111bf0df5714af3d7","fullName":"src/test/resources/featureFiles/ProgramEdit.feature:59","labels":[{"name":"tag","value":"Edit9"},{"name":"host","value":"sukeerthsahana"},{"name":"thread","value":"14232@sukeerthsahana.main(1)"},{"name":"feature","value":"Program Module Add new Program Functionality"},{"name":"story","value":"Verify edit Status"},{"name":"suite","value":"Program Module Add new Program Functionality"},{"name":"testClass","value":"Verify edit Status"},{"name":"framework","value":"cucumber4jvm"},{"name":"language","value":"java"},{"name":"gherkin_uri","value":"file:///C:/SahanaNUMPYNINJASDET/workspace/Team5BugDetectors/SeleniumHackathon_Feb25/src/test/resources/featureFiles/ProgramEdit.feature"},{"name":"package","value":"src.test.resources.featureFiles.ProgramEdit_feature.Program Module Add new Program Functionality"}],"links":[],"name":"Verify edit Status","status":"broken","statusDetails":{"known":false,"muted":false,"flaky":false,"message":"Expected condition failed: waiting for visibility of [[ChromeDriver: chrome on windows (af90e8b1cebebe0bb5326a6f56731226)] -> xpath: //*[@id='category']/div/div/input[@id='Inactive']] (tried for 10 second(s) with 500 milliseconds interval)\nBuild info: version: '4.27.0', revision: 'd6e718d134'\nSystem info: os.name: 'Windows 11', os.arch: 'amd64', os.version: '10.0', java.version: '21.0.3'\nDriver info: org.openqa.selenium.chrome.ChromeDriver\nCapabilities {acceptInsecureCerts: false, browserName: chrome, browserVersion: 133.0.6943.127, chrome: {chromedriverVersion: 133.0.6943.126 (cffa127ce7b..., userDataDir: C:\\Users\\sahan\\AppData\\Loca...}, fedcm:accounts: true, goog:chromeOptions: {debuggerAddress: localhost:61879}, networkConnectionEnabled: false, pageLoadStrategy: normal, platformName: windows, proxy: Proxy(), se:cdp: ws://localhost:61879/devtoo..., se:cdpVersion: 133.0.6943.127, setWindowRect: true, strictFileInteractability: false, timeouts: {implicit: 0, pageLoad: 300000, script: 30000}, unhandledPromptBehavior: dismiss and notify, webauthn:extension:credBlob: true, webauthn:extension:largeBlob: true, webauthn:extension:minPinLength: true, webauthn:extension:prf: true, webauthn:virtualAuthenticators: true}\nSession ID: af90e8b1cebebe0bb5326a6f56731226","trace":"org.openqa.selenium.TimeoutException: Expected condition failed: waiting for visibility of [[ChromeDriver: chrome on windows (af90e8b1cebebe0bb5326a6f56731226)] -> xpath: //*[@id='category']/div/div/input[@id='Inactive']] (tried for 10 second(s) with 500 milliseconds interval)\nBuild info: version: '4.27.0', revision: 'd6e718d134'\nSystem info: os.name: 'Windows 11', os.arch: 'amd64', os.version: '10.0', java.version: '21.0.3'\nDriver info: org.openqa.selenium.chrome.ChromeDriver\nCapabilities {acceptInsecureCerts: false, browserName: chrome, browserVersion: 133.0.6943.127, chrome: {chromedriverVersion: 133.0.6943.126 (cffa127ce7b..., userDataDir: C:\\Users\\sahan\\AppData\\Loca...}, fedcm:accounts: true, goog:chromeOptions: {debuggerAddress: localhost:61879}, networkConnectionEnabled: false, pageLoadStrategy: normal, platformName: windows, proxy: Proxy(), se:cdp: ws://localhost:61879/devtoo..., se:cdpVersion: 133.0.6943.127, setWindowRect: true, strictFileInteractability: false, timeouts: {implicit: 0, pageLoad: 300000, script: 30000}, unhandledPromptBehavior: dismiss and notify, webauthn:extension:credBlob: true, webauthn:extension:largeBlob: true, webauthn:extension:minPinLength: true, webauthn:extension:prf: true, webauthn:virtualAuthenticators: true}\nSession ID: af90e8b1cebebe0bb5326a6f56731226\r\n\tat org.openqa.selenium.support.ui.WebDriverWait.timeoutException(WebDriverWait.java:84)\r\n\tat org.openqa.selenium.support.ui.FluentWait.until(FluentWait.java:228)\r\n\tat pageObjectRepository.ProgramEditPage.getCurrentStatusFromPopup(ProgramEditPage.java:127)\r\n\tat stepDefinitions.ProgramEditStep.admin_can_change_the_status_of_the_program_and_click_on_save_button_and(ProgramEditStep.java:105)\r\n\tat ✽.Admin can change the status of the program and click on save button(file:///C:/SahanaNUMPYNINJASDET/workspace/Team5BugDetectors/SeleniumHackathon_Feb25/src/test/resources/featureFiles/ProgramEdit.feature:61)\r\n"},"stage":"finished","steps":[{"name":"Given Admin is on home page after Login","status":"passed","statusDetails":{"known":false,"muted":false,"flaky":false},"stage":"finished","steps":[],"attachments":[],"parameters":[],"start":1740445216218,"stop":1740445216569},{"name":"Given Admin is on Program page","status":"passed","statusDetails":{"known":false,"muted":false,"flaky":false},"stage":"finished","steps":[],"attachments":[],"parameters":[],"start":1740445216570,"stop":1740445216874},{"name":"When Admin can change the status of the program and click on save button","status":"broken","statusDetails":{"known":false,"muted":false,"flaky":false,"message":"Expected condition failed: waiting for visibility of [[ChromeDriver: chrome on windows (af90e8b1cebebe0bb5326a6f56731226)] -> xpath: //*[@id='category']/div/div/input[@id='Inactive']] (tried for 10 second(s) with 500 milliseconds interval)\nBuild info: version: '4.27.0', revision: 'd6e718d134'\nSystem info: os.name: 'Windows 11', os.arch: 'amd64', os.version: '10.0', java.version: '21.0.3'\nDriver info: org.openqa.selenium.chrome.ChromeDriver\nCapabilities {acceptInsecureCerts: false, browserName: chrome, browserVersion: 133.0.6943.127, chrome: {chromedriverVersion: 133.0.6943.126 (cffa127ce7b..., userDataDir: C:\\Users\\sahan\\AppData\\Loca...}, fedcm:accounts: true, goog:chromeOptions: {debuggerAddress: localhost:61879}, networkConnectionEnabled: false, pageLoadStrategy: normal, platformName: windows, proxy: Proxy(), se:cdp: ws://localhost:61879/devtoo..., se:cdpVersion: 133.0.6943.127, setWindowRect: true, strictFileInteractability: false, timeouts: {implicit: 0, pageLoad: 300000, script: 30000}, unhandledPromptBehavior: dismiss and notify, webauthn:extension:credBlob: true, webauthn:extension:largeBlob: true, webauthn:extension:minPinLength: true, webauthn:extension:prf: true, webauthn:virtualAuthenticators: true}\nSession ID: af90e8b1cebebe0bb5326a6f56731226","trace":"org.openqa.selenium.TimeoutException: Expected condition failed: waiting for visibility of [[ChromeDriver: chrome on windows (af90e8b1cebebe0bb5326a6f56731226)] -> xpath: //*[@id='category']/div/div/input[@id='Inactive']] (tried for 10 second(s) with 500 milliseconds interval)\nBuild info: version: '4.27.0', revision: 'd6e718d134'\nSystem info: os.name: 'Windows 11', os.arch: 'amd64', os.version: '10.0', java.version: '21.0.3'\nDriver info: org.openqa.selenium.chrome.ChromeDriver\nCapabilities {acceptInsecureCerts: false, browserName: chrome, browserVersion: 133.0.6943.127, chrome: {chromedriverVersion: 133.0.6943.126 (cffa127ce7b..., userDataDir: C:\\Users\\sahan\\AppData\\Loca...}, fedcm:accounts: true, goog:chromeOptions: {debuggerAddress: localhost:61879}, networkConnectionEnabled: false, pageLoadStrategy: normal, platformName: windows, proxy: Proxy(), se:cdp: ws://localhost:61879/devtoo..., se:cdpVersion: 133.0.6943.127, setWindowRect: true, strictFileInteractability: false, timeouts: {implicit: 0, pageLoad: 300000, script: 30000}, unhandledPromptBehavior: dismiss and notify, webauthn:extension:credBlob: true, webauthn:extension:largeBlob: true, webauthn:extension:minPinLength: true, webauthn:extension:prf: true, webauthn:virtualAuthenticators: true}\nSession ID: af90e8b1cebebe0bb5326a6f56731226\r\n\tat org.openqa.selenium.support.ui.WebDriverWait.timeoutException(WebDriverWait.java:84)\r\n\tat org.openqa.selenium.support.ui.FluentWait.until(FluentWait.java:228)\r\n\tat pageObjectRepository.ProgramEditPage.getCurrentStatusFromPopup(ProgramEditPage.java:127)\r\n\tat stepDefinitions.ProgramEditStep.admin_can_change_the_status_of_the_program_and_click_on_save_button_and(ProgramEditStep.java:105)\r\n\tat ✽.Admin can change the status of the program and click on save button(file:///C:/SahanaNUMPYNINJASDET/workspace/Team5BugDetectors/SeleniumHackathon_Feb25/src/test/resources/featureFiles/ProgramEdit.feature:61)\r\n"},"stage":"finished","steps":[],"attachments":[],"parameters":[],"start":1740445216875,"stop":1740445227708},{"name":"Then Status updated can be viewed by the Admin","status":"skipped","statusDetails":{"known":false,"muted":false,"flaky":false},"stage":"finished","steps":[],"attachments":[],"parameters":[],"start":1740445227710,"stop":1740445227711}],"attachments":[],"parameters":[],"start":1740445212825,"stop":1740445227882}